2025-04-17 13:11:19,087 - pyswarms.single.global_best - INFO - Optimize for 2000 iters with {'c1': 1.5, 'c2': 1.5, 'w': 0.7}
2025-04-17 13:28:31,581 - pyswarms.single.global_best - INFO - Optimization finished | best cost: 59.4986572265625, best pos: [   -2.8214    -0.938      0.1107  2131.861   6396.2724 13392.1607
     1.1094     2.3927     0.3824 -4343.2833  4964.6019  9483.8383
    -1.7498    -1.9724     0.29     200.7298  4450.2467 13303.3913
    -1.3746    -0.9914    -1.6492  5154.3199  6767.3451 10401.4491
     3.2559     1.8608     0.9938  1285.7009 11582.2772  7872.4763
    -3.0722    -0.5741     0.337  -7276.0483  5966.5567 10717.99
     0.4795     0.1022     0.6752   663.5926 -2076.8436    48.0464]
2025-04-17 14:10:11,521 - pyswarms.single.global_best - INFO - Optimize for 2000 iters with {'c1': 1.5, 'c2': 1.5, 'w': 0.7}
2025-04-17 14:29:01,608 - pyswarms.single.global_best - INFO - Optimization finished | best cost: 41.8537712097168, best pos: [   -1.3965    -0.4947     0.1354  1382.5387 -2130.6909  4932.9354
    -1.0852    -0.0826    -0.1907   636.9297 -1200.7109  5356.6627
    -1.7724    -1.7513     1.2676   100.1169  4793.2281  7599.1943
     0.8837     1.5153    -1.8307 -8121.4023  7572.9587  4317.1114
     0.1426     1.3538    -2.1803 -9996.4555 10271.1305  6304.1875
     0.0166    -0.1218    -1.1381 -5457.1848 -1219.0174  2066.9663
    -0.2562     0.0868     0.6469  1505.0686 -2296.3601 -2432.6641]
2025-04-17 14:30:21,200 - pyswarms.single.global_best - INFO - Optimize for 1000 iters with {'c1': 1.5, 'c2': 1.5, 'w': 0.7}
2025-04-17 14:39:47,947 - pyswarms.single.global_best - INFO - Optimization finished | best cost: 48.96052932739258, best pos: [   -1.4278    -0.4867     0.1392  1420.0375 -2203.3739  4932.9459
    -1.145     -0.0675    -0.1631   628.6467 -1201.2424  5349.3773
    -1.7735    -1.7232     1.2484   101.7035  4730.2835  7833.5104
     0.8689     1.5333    -1.8315 -8121.4035  7572.9139  4225.507
     0.1381     1.346     -2.1944 -9999.861  10271.1573  6304.1872
     0.0355    -0.136     -1.1395 -5456.9589 -1219.036   2027.0054
    -0.2789     0.073      0.6433  1505.1535 -2136.0206 -2256.9616]
2025-04-22 11:55:09,755 - pyswarms.single.global_best - INFO - Optimize for 100 iters with {'c1': 1.5, 'c2': 1.5, 'w': 0.7}
2025-04-22 12:06:20,324 - pyswarms.single.global_best - INFO - Optimize for 1000 iters with {'c1': 1.5, 'c2': 1.5, 'w': 0.7}
2025-04-22 13:20:00,775 - pyswarms.single.global_best - INFO - Optimize for 100 iters with {'c1': 1.5, 'c2': 1.5, 'w': 0.7}
2025-04-22 13:23:39,150 - pyswarms.single.global_best - INFO - Optimize for 100 iters with {'c1': 1.5, 'c2': 1.5, 'w': 0.7}
2025-04-22 13:24:12,929 - pyswarms.single.global_best - INFO - Optimize for 200 iters with {'c1': 1.5, 'c2': 1.5, 'w': 0.7}
2025-04-22 13:36:31,605 - pyswarms.single.global_best - INFO - Optimization finished | best cost: 21.805581665039064, best pos: [    0.2274     2.5564    -0.4367   627.2731   144.3174  4468.2128
     0.039     -0.6109    -0.1346  1725.2247  -555.6996   475.1186
    -0.0675     1.2572    -0.1733 -2711.751      9.9443  2355.6044
    -0.1312    -2.5746     0.3685  2422.4864  -112.9061  3451.8297
     0.2857     2.2418    -0.4406  -834.817    377.3018  4401.9407
     0.1355    -1.2675    -0.1282  2849.5718  -421.2045  2154.3848
     0.1604     0.1494    -0.0317 -1520.7551  -248.199   -221.9838]
2025-04-22 13:43:17,098 - pyswarms.single.global_best - INFO - Optimize for 400 iters with {'c1': 1.5, 'c2': 1.5, 'w': 0.7}
2025-04-22 14:07:38,329 - pyswarms.single.global_best - INFO - Optimization finished | best cost: 19.298501586914064, best pos: [    0.3705     2.7718    -0.1635   787.6549    63.3587  4605.2624
    -0.0301    -0.5235     0.0456  1764.4643  -560.0089   452.1933
     0.0657     1.3767     0.0789 -2709.8237    10.8461  2353.9478
    -0.3429    -2.1947     0.2199  2292.3786   -95.7292  3468.5051
     0.1698     2.354     -0.117   -174.9829   376.4035  4414.5301
    -0.0135    -1.2035     0.053   2850.0304  -400.6096  2098.7611
     0.1832     0.7134     0.1794 -1520.8824  -248.383   -224.589 ]
